<?xml version="1.0" encoding="UTF-8"?>
<testsuite xmlns:xsi="http://www.w3.org/2001/XMLSchema-instance" xsi:noNamespaceSchemaLocation="https://maven.apache.org/surefire/maven-surefire-plugin/xsd/surefire-test-report.xsd" name="com.luv2code.springboot.demo.mycoolapp.MycoolappApplicationTests" time="7.879" tests="1" errors="0" skipped="0" failures="0">
  <properties>
    <property name="awt.toolkit" value="sun.lwawt.macosx.LWCToolkit"/>
    <property name="jdk.extensions.version" value="11.0.12.0"/>
    <property name="file.encoding.pkg" value="sun.io"/>
    <property name="java.specification.version" value="11"/>
    <property name="sun.jnu.encoding" value="UTF-8"/>
    <property name="java.class.path" value="/Users/ad0555-ade-mb-1/Desktop/Azhar/learn/java/Spring-boot/04-command-line-demo/target/test-classes:/Users/ad0555-ade-mb-1/Desktop/Azhar/learn/java/Spring-boot/04-command-line-demo/target/classes:/Users/ad0555-ade-mb-1/.m2/repository/org/springframework/boot/spring-boot-starter-web/2.7.8/spring-boot-starter-web-2.7.8.jar:/Users/ad0555-ade-mb-1/.m2/repository/org/springframework/boot/spring-boot-starter/2.7.8/spring-boot-starter-2.7.8.jar:/Users/ad0555-ade-mb-1/.m2/repository/org/springframework/boot/spring-boot-starter-logging/2.7.8/spring-boot-starter-logging-2.7.8.jar:/Users/ad0555-ade-mb-1/.m2/repository/ch/qos/logback/logback-classic/1.2.11/logback-classic-1.2.11.jar:/Users/ad0555-ade-mb-1/.m2/repository/ch/qos/logback/logback-core/1.2.11/logback-core-1.2.11.jar:/Users/ad0555-ade-mb-1/.m2/repository/org/apache/logging/log4j/log4j-to-slf4j/2.17.2/log4j-to-slf4j-2.17.2.jar:/Users/ad0555-ade-mb-1/.m2/repository/org/apache/logging/log4j/log4j-api/2.17.2/log4j-api-2.17.2.jar:/Users/ad0555-ade-mb-1/.m2/repository/org/slf4j/jul-to-slf4j/1.7.36/jul-to-slf4j-1.7.36.jar:/Users/ad0555-ade-mb-1/.m2/repository/jakarta/annotation/jakarta.annotation-api/1.3.5/jakarta.annotation-api-1.3.5.jar:/Users/ad0555-ade-mb-1/.m2/repository/org/yaml/snakeyaml/1.30/snakeyaml-1.30.jar:/Users/ad0555-ade-mb-1/.m2/repository/org/springframework/boot/spring-boot-starter-json/2.7.8/spring-boot-starter-json-2.7.8.jar:/Users/ad0555-ade-mb-1/.m2/repository/com/fasterxml/jackson/core/jackson-databind/2.13.4.2/jackson-databind-2.13.4.2.jar:/Users/ad0555-ade-mb-1/.m2/repository/com/fasterxml/jackson/core/jackson-annotations/2.13.4/jackson-annotations-2.13.4.jar:/Users/ad0555-ade-mb-1/.m2/repository/com/fasterxml/jackson/core/jackson-core/2.13.4/jackson-core-2.13.4.jar:/Users/ad0555-ade-mb-1/.m2/repository/com/fasterxml/jackson/datatype/jackson-datatype-jdk8/2.13.4/jackson-datatype-jdk8-2.13.4.jar:/Users/ad0555-ade-mb-1/.m2/repository/com/fasterxml/jackson/datatype/jackson-datatype-jsr310/2.13.4/jackson-datatype-jsr310-2.13.4.jar:/Users/ad0555-ade-mb-1/.m2/repository/com/fasterxml/jackson/module/jackson-module-parameter-names/2.13.4/jackson-module-parameter-names-2.13.4.jar:/Users/ad0555-ade-mb-1/.m2/repository/org/springframework/boot/spring-boot-starter-tomcat/2.7.8/spring-boot-starter-tomcat-2.7.8.jar:/Users/ad0555-ade-mb-1/.m2/repository/org/apache/tomcat/embed/tomcat-embed-core/9.0.71/tomcat-embed-core-9.0.71.jar:/Users/ad0555-ade-mb-1/.m2/repository/org/apache/tomcat/embed/tomcat-embed-el/9.0.71/tomcat-embed-el-9.0.71.jar:/Users/ad0555-ade-mb-1/.m2/repository/org/apache/tomcat/embed/tomcat-embed-websocket/9.0.71/tomcat-embed-websocket-9.0.71.jar:/Users/ad0555-ade-mb-1/.m2/repository/org/springframework/spring-web/5.3.25/spring-web-5.3.25.jar:/Users/ad0555-ade-mb-1/.m2/repository/org/springframework/spring-beans/5.3.25/spring-beans-5.3.25.jar:/Users/ad0555-ade-mb-1/.m2/repository/org/springframework/spring-webmvc/5.3.25/spring-webmvc-5.3.25.jar:/Users/ad0555-ade-mb-1/.m2/repository/org/springframework/spring-aop/5.3.25/spring-aop-5.3.25.jar:/Users/ad0555-ade-mb-1/.m2/repository/org/springframework/spring-context/5.3.25/spring-context-5.3.25.jar:/Users/ad0555-ade-mb-1/.m2/repository/org/springframework/spring-expression/5.3.25/spring-expression-5.3.25.jar:/Users/ad0555-ade-mb-1/.m2/repository/org/springframework/boot/spring-boot-starter-test/2.7.8/spring-boot-starter-test-2.7.8.jar:/Users/ad0555-ade-mb-1/.m2/repository/org/springframework/boot/spring-boot-test/2.7.8/spring-boot-test-2.7.8.jar:/Users/ad0555-ade-mb-1/.m2/repository/org/springframework/boot/spring-boot-test-autoconfigure/2.7.8/spring-boot-test-autoconfigure-2.7.8.jar:/Users/ad0555-ade-mb-1/.m2/repository/com/jayway/jsonpath/json-path/2.7.0/json-path-2.7.0.jar:/Users/ad0555-ade-mb-1/.m2/repository/net/minidev/json-smart/2.4.8/json-smart-2.4.8.jar:/Users/ad0555-ade-mb-1/.m2/repository/net/minidev/accessors-smart/2.4.8/accessors-smart-2.4.8.jar:/Users/ad0555-ade-mb-1/.m2/repository/org/ow2/asm/asm/9.1/asm-9.1.jar:/Users/ad0555-ade-mb-1/.m2/repository/org/slf4j/slf4j-api/1.7.36/slf4j-api-1.7.36.jar:/Users/ad0555-ade-mb-1/.m2/repository/jakarta/xml/bind/jakarta.xml.bind-api/2.3.3/jakarta.xml.bind-api-2.3.3.jar:/Users/ad0555-ade-mb-1/.m2/repository/jakarta/activation/jakarta.activation-api/1.2.2/jakarta.activation-api-1.2.2.jar:/Users/ad0555-ade-mb-1/.m2/repository/org/assertj/assertj-core/3.22.0/assertj-core-3.22.0.jar:/Users/ad0555-ade-mb-1/.m2/repository/org/hamcrest/hamcrest/2.2/hamcrest-2.2.jar:/Users/ad0555-ade-mb-1/.m2/repository/org/junit/jupiter/junit-jupiter/5.8.2/junit-jupiter-5.8.2.jar:/Users/ad0555-ade-mb-1/.m2/repository/org/junit/jupiter/junit-jupiter-api/5.8.2/junit-jupiter-api-5.8.2.jar:/Users/ad0555-ade-mb-1/.m2/repository/org/opentest4j/opentest4j/1.2.0/opentest4j-1.2.0.jar:/Users/ad0555-ade-mb-1/.m2/repository/org/junit/platform/junit-platform-commons/1.8.2/junit-platform-commons-1.8.2.jar:/Users/ad0555-ade-mb-1/.m2/repository/org/apiguardian/apiguardian-api/1.1.2/apiguardian-api-1.1.2.jar:/Users/ad0555-ade-mb-1/.m2/repository/org/junit/jupiter/junit-jupiter-params/5.8.2/junit-jupiter-params-5.8.2.jar:/Users/ad0555-ade-mb-1/.m2/repository/org/junit/jupiter/junit-jupiter-engine/5.8.2/junit-jupiter-engine-5.8.2.jar:/Users/ad0555-ade-mb-1/.m2/repository/org/junit/platform/junit-platform-engine/1.8.2/junit-platform-engine-1.8.2.jar:/Users/ad0555-ade-mb-1/.m2/repository/org/mockito/mockito-core/4.5.1/mockito-core-4.5.1.jar:/Users/ad0555-ade-mb-1/.m2/repository/net/bytebuddy/byte-buddy/1.12.22/byte-buddy-1.12.22.jar:/Users/ad0555-ade-mb-1/.m2/repository/net/bytebuddy/byte-buddy-agent/1.12.22/byte-buddy-agent-1.12.22.jar:/Users/ad0555-ade-mb-1/.m2/repository/org/objenesis/objenesis/3.2/objenesis-3.2.jar:/Users/ad0555-ade-mb-1/.m2/repository/org/mockito/mockito-junit-jupiter/4.5.1/mockito-junit-jupiter-4.5.1.jar:/Users/ad0555-ade-mb-1/.m2/repository/org/skyscreamer/jsonassert/1.5.1/jsonassert-1.5.1.jar:/Users/ad0555-ade-mb-1/.m2/repository/com/vaadin/external/google/android-json/0.0.20131108.vaadin1/android-json-0.0.20131108.vaadin1.jar:/Users/ad0555-ade-mb-1/.m2/repository/org/springframework/spring-core/5.3.25/spring-core-5.3.25.jar:/Users/ad0555-ade-mb-1/.m2/repository/org/springframework/spring-jcl/5.3.25/spring-jcl-5.3.25.jar:/Users/ad0555-ade-mb-1/.m2/repository/org/springframework/spring-test/5.3.25/spring-test-5.3.25.jar:/Users/ad0555-ade-mb-1/.m2/repository/org/xmlunit/xmlunit-core/2.9.1/xmlunit-core-2.9.1.jar:/Users/ad0555-ade-mb-1/.m2/repository/org/springframework/boot/spring-boot-devtools/2.7.8/spring-boot-devtools-2.7.8.jar:/Users/ad0555-ade-mb-1/.m2/repository/org/springframework/boot/spring-boot/2.7.8/spring-boot-2.7.8.jar:/Users/ad0555-ade-mb-1/.m2/repository/org/springframework/boot/spring-boot-autoconfigure/2.7.8/spring-boot-autoconfigure-2.7.8.jar:"/>
    <property name="java.vm.vendor" value="Eclipse OpenJ9"/>
    <property name="sun.arch.data.model" value="64"/>
    <property name="com.ibm.vm.bitmode" value="64"/>
    <property name="user.variant" value=""/>
    <property name="com.ibm.oti.vm.library.version" value="29"/>
    <property name="java.vendor.url" value="https://www.ibm.com/"/>
    <property name="user.timezone" value=""/>
    <property name="java.vm.specification.version" value="11"/>
    <property name="os.name" value="Mac OS X"/>
    <property name="sun.java.launcher" value="SUN_STANDARD"/>
    <property name="user.country" value="US"/>
    <property name="sun.boot.library.path" value="/Users/ad0555-ade-mb-1/Library/Java/JavaVirtualMachines/semeru-11.0.12/Contents/Home/lib/default:/Users/ad0555-ade-mb-1/Library/Java/JavaVirtualMachines/semeru-11.0.12/Contents/Home/lib"/>
    <property name="sun.java.command" value="/Users/ad0555-ade-mb-1/Desktop/Azhar/learn/java/Spring-boot/04-command-line-demo/target/surefire/surefirebooter9892674454888844178.jar /Users/ad0555-ade-mb-1/Desktop/Azhar/learn/java/Spring-boot/04-command-line-demo/target/surefire 2023-01-28T21-26-27_982-jvmRun1 surefire5082546887360441693tmp surefire_02016915942388560266tmp"/>
    <property name="surefire.test.class.path" value="/Users/ad0555-ade-mb-1/Desktop/Azhar/learn/java/Spring-boot/04-command-line-demo/target/test-classes:/Users/ad0555-ade-mb-1/Desktop/Azhar/learn/java/Spring-boot/04-command-line-demo/target/classes:/Users/ad0555-ade-mb-1/.m2/repository/org/springframework/boot/spring-boot-starter-web/2.7.8/spring-boot-starter-web-2.7.8.jar:/Users/ad0555-ade-mb-1/.m2/repository/org/springframework/boot/spring-boot-starter/2.7.8/spring-boot-starter-2.7.8.jar:/Users/ad0555-ade-mb-1/.m2/repository/org/springframework/boot/spring-boot-starter-logging/2.7.8/spring-boot-starter-logging-2.7.8.jar:/Users/ad0555-ade-mb-1/.m2/repository/ch/qos/logback/logback-classic/1.2.11/logback-classic-1.2.11.jar:/Users/ad0555-ade-mb-1/.m2/repository/ch/qos/logback/logback-core/1.2.11/logback-core-1.2.11.jar:/Users/ad0555-ade-mb-1/.m2/repository/org/apache/logging/log4j/log4j-to-slf4j/2.17.2/log4j-to-slf4j-2.17.2.jar:/Users/ad0555-ade-mb-1/.m2/repository/org/apache/logging/log4j/log4j-api/2.17.2/log4j-api-2.17.2.jar:/Users/ad0555-ade-mb-1/.m2/repository/org/slf4j/jul-to-slf4j/1.7.36/jul-to-slf4j-1.7.36.jar:/Users/ad0555-ade-mb-1/.m2/repository/jakarta/annotation/jakarta.annotation-api/1.3.5/jakarta.annotation-api-1.3.5.jar:/Users/ad0555-ade-mb-1/.m2/repository/org/yaml/snakeyaml/1.30/snakeyaml-1.30.jar:/Users/ad0555-ade-mb-1/.m2/repository/org/springframework/boot/spring-boot-starter-json/2.7.8/spring-boot-starter-json-2.7.8.jar:/Users/ad0555-ade-mb-1/.m2/repository/com/fasterxml/jackson/core/jackson-databind/2.13.4.2/jackson-databind-2.13.4.2.jar:/Users/ad0555-ade-mb-1/.m2/repository/com/fasterxml/jackson/core/jackson-annotations/2.13.4/jackson-annotations-2.13.4.jar:/Users/ad0555-ade-mb-1/.m2/repository/com/fasterxml/jackson/core/jackson-core/2.13.4/jackson-core-2.13.4.jar:/Users/ad0555-ade-mb-1/.m2/repository/com/fasterxml/jackson/datatype/jackson-datatype-jdk8/2.13.4/jackson-datatype-jdk8-2.13.4.jar:/Users/ad0555-ade-mb-1/.m2/repository/com/fasterxml/jackson/datatype/jackson-datatype-jsr310/2.13.4/jackson-datatype-jsr310-2.13.4.jar:/Users/ad0555-ade-mb-1/.m2/repository/com/fasterxml/jackson/module/jackson-module-parameter-names/2.13.4/jackson-module-parameter-names-2.13.4.jar:/Users/ad0555-ade-mb-1/.m2/repository/org/springframework/boot/spring-boot-starter-tomcat/2.7.8/spring-boot-starter-tomcat-2.7.8.jar:/Users/ad0555-ade-mb-1/.m2/repository/org/apache/tomcat/embed/tomcat-embed-core/9.0.71/tomcat-embed-core-9.0.71.jar:/Users/ad0555-ade-mb-1/.m2/repository/org/apache/tomcat/embed/tomcat-embed-el/9.0.71/tomcat-embed-el-9.0.71.jar:/Users/ad0555-ade-mb-1/.m2/repository/org/apache/tomcat/embed/tomcat-embed-websocket/9.0.71/tomcat-embed-websocket-9.0.71.jar:/Users/ad0555-ade-mb-1/.m2/repository/org/springframework/spring-web/5.3.25/spring-web-5.3.25.jar:/Users/ad0555-ade-mb-1/.m2/repository/org/springframework/spring-beans/5.3.25/spring-beans-5.3.25.jar:/Users/ad0555-ade-mb-1/.m2/repository/org/springframework/spring-webmvc/5.3.25/spring-webmvc-5.3.25.jar:/Users/ad0555-ade-mb-1/.m2/repository/org/springframework/spring-aop/5.3.25/spring-aop-5.3.25.jar:/Users/ad0555-ade-mb-1/.m2/repository/org/springframework/spring-context/5.3.25/spring-context-5.3.25.jar:/Users/ad0555-ade-mb-1/.m2/repository/org/springframework/spring-expression/5.3.25/spring-expression-5.3.25.jar:/Users/ad0555-ade-mb-1/.m2/repository/org/springframework/boot/spring-boot-starter-test/2.7.8/spring-boot-starter-test-2.7.8.jar:/Users/ad0555-ade-mb-1/.m2/repository/org/springframework/boot/spring-boot-test/2.7.8/spring-boot-test-2.7.8.jar:/Users/ad0555-ade-mb-1/.m2/repository/org/springframework/boot/spring-boot-test-autoconfigure/2.7.8/spring-boot-test-autoconfigure-2.7.8.jar:/Users/ad0555-ade-mb-1/.m2/repository/com/jayway/jsonpath/json-path/2.7.0/json-path-2.7.0.jar:/Users/ad0555-ade-mb-1/.m2/repository/net/minidev/json-smart/2.4.8/json-smart-2.4.8.jar:/Users/ad0555-ade-mb-1/.m2/repository/net/minidev/accessors-smart/2.4.8/accessors-smart-2.4.8.jar:/Users/ad0555-ade-mb-1/.m2/repository/org/ow2/asm/asm/9.1/asm-9.1.jar:/Users/ad0555-ade-mb-1/.m2/repository/org/slf4j/slf4j-api/1.7.36/slf4j-api-1.7.36.jar:/Users/ad0555-ade-mb-1/.m2/repository/jakarta/xml/bind/jakarta.xml.bind-api/2.3.3/jakarta.xml.bind-api-2.3.3.jar:/Users/ad0555-ade-mb-1/.m2/repository/jakarta/activation/jakarta.activation-api/1.2.2/jakarta.activation-api-1.2.2.jar:/Users/ad0555-ade-mb-1/.m2/repository/org/assertj/assertj-core/3.22.0/assertj-core-3.22.0.jar:/Users/ad0555-ade-mb-1/.m2/repository/org/hamcrest/hamcrest/2.2/hamcrest-2.2.jar:/Users/ad0555-ade-mb-1/.m2/repository/org/junit/jupiter/junit-jupiter/5.8.2/junit-jupiter-5.8.2.jar:/Users/ad0555-ade-mb-1/.m2/repository/org/junit/jupiter/junit-jupiter-api/5.8.2/junit-jupiter-api-5.8.2.jar:/Users/ad0555-ade-mb-1/.m2/repository/org/opentest4j/opentest4j/1.2.0/opentest4j-1.2.0.jar:/Users/ad0555-ade-mb-1/.m2/repository/org/junit/platform/junit-platform-commons/1.8.2/junit-platform-commons-1.8.2.jar:/Users/ad0555-ade-mb-1/.m2/repository/org/apiguardian/apiguardian-api/1.1.2/apiguardian-api-1.1.2.jar:/Users/ad0555-ade-mb-1/.m2/repository/org/junit/jupiter/junit-jupiter-params/5.8.2/junit-jupiter-params-5.8.2.jar:/Users/ad0555-ade-mb-1/.m2/repository/org/junit/jupiter/junit-jupiter-engine/5.8.2/junit-jupiter-engine-5.8.2.jar:/Users/ad0555-ade-mb-1/.m2/repository/org/junit/platform/junit-platform-engine/1.8.2/junit-platform-engine-1.8.2.jar:/Users/ad0555-ade-mb-1/.m2/repository/org/mockito/mockito-core/4.5.1/mockito-core-4.5.1.jar:/Users/ad0555-ade-mb-1/.m2/repository/net/bytebuddy/byte-buddy/1.12.22/byte-buddy-1.12.22.jar:/Users/ad0555-ade-mb-1/.m2/repository/net/bytebuddy/byte-buddy-agent/1.12.22/byte-buddy-agent-1.12.22.jar:/Users/ad0555-ade-mb-1/.m2/repository/org/objenesis/objenesis/3.2/objenesis-3.2.jar:/Users/ad0555-ade-mb-1/.m2/repository/org/mockito/mockito-junit-jupiter/4.5.1/mockito-junit-jupiter-4.5.1.jar:/Users/ad0555-ade-mb-1/.m2/repository/org/skyscreamer/jsonassert/1.5.1/jsonassert-1.5.1.jar:/Users/ad0555-ade-mb-1/.m2/repository/com/vaadin/external/google/android-json/0.0.20131108.vaadin1/android-json-0.0.20131108.vaadin1.jar:/Users/ad0555-ade-mb-1/.m2/repository/org/springframework/spring-core/5.3.25/spring-core-5.3.25.jar:/Users/ad0555-ade-mb-1/.m2/repository/org/springframework/spring-jcl/5.3.25/spring-jcl-5.3.25.jar:/Users/ad0555-ade-mb-1/.m2/repository/org/springframework/spring-test/5.3.25/spring-test-5.3.25.jar:/Users/ad0555-ade-mb-1/.m2/repository/org/xmlunit/xmlunit-core/2.9.1/xmlunit-core-2.9.1.jar:/Users/ad0555-ade-mb-1/.m2/repository/org/springframework/boot/spring-boot-devtools/2.7.8/spring-boot-devtools-2.7.8.jar:/Users/ad0555-ade-mb-1/.m2/repository/org/springframework/boot/spring-boot/2.7.8/spring-boot-2.7.8.jar:/Users/ad0555-ade-mb-1/.m2/repository/org/springframework/boot/spring-boot-autoconfigure/2.7.8/spring-boot-autoconfigure-2.7.8.jar:"/>
    <property name="sun.cpu.endian" value="little"/>
    <property name="user.home" value="/Users/ad0555-ade-mb-1"/>
    <property name="user.language" value="en"/>
    <property name="java.specification.vendor" value="Oracle Corporation"/>
    <property name="java.version.date" value="2021-07-20"/>
    <property name="java.home" value="/Users/ad0555-ade-mb-1/Library/Java/JavaVirtualMachines/semeru-11.0.12/Contents/Home"/>
    <property name="ibm.signalhandling.rs" value="false"/>
    <property name="jdk.extensions.name" value="Extensions for OpenJDK for Eclipse OpenJ9"/>
    <property name="file.separator" value="/"/>
    <property name="basedir" value="/Users/ad0555-ade-mb-1/Desktop/Azhar/learn/java/Spring-boot/04-command-line-demo"/>
    <property name="line.separator" value="&#10;"/>
    <property name="java.specification.name" value="Java Platform API Specification"/>
    <property name="java.vm.specification.vendor" value="Oracle Corporation"/>
    <property name="java.compiler" value="j9jit29"/>
    <property name="com.ibm.util.extralibs.properties" value=""/>
    <property name="java.awt.graphicsenv" value="sun.awt.CGraphicsEnvironment"/>
    <property name="com.ibm.oti.configuration" value="scar"/>
    <property name="surefire.real.class.path" value="/Users/ad0555-ade-mb-1/Desktop/Azhar/learn/java/Spring-boot/04-command-line-demo/target/surefire/surefirebooter9892674454888844178.jar"/>
    <property name="com.ibm.oti.shared.enabled" value="false"/>
    <property name="com.ibm.oti.vm.bootstrap.library.path" value="/Users/ad0555-ade-mb-1/Library/Java/JavaVirtualMachines/semeru-11.0.12/Contents/Home/lib/default:/Users/ad0555-ade-mb-1/Library/Java/JavaVirtualMachines/semeru-11.0.12/Contents/Home/lib"/>
    <property name="com.ibm.cpu.endian" value="little"/>
    <property name="java.fullversion" value="11.0.12+7&#10;JRE 11 Mac OS X amd64-64-Bit Compressed References 20210729_179 (JIT enabled, AOT enabled)&#10;OpenJ9   - 1851b0074&#10;OMR      - 9db1c870d&#10;JCL      - 21849e2ca0 based on jdk-11.0.12+7"/>
    <property name="java.runtime.version" value="11.0.12+7"/>
    <property name="user.name" value="ad0555-ade-mb-1"/>
    <property name="path.separator" value=":"/>
    <property name="os.version" value="13.2"/>
    <property name="java.runtime.name" value="IBM Semeru Runtime Open Edition"/>
    <property name="ibm.signalhandling.sigint" value="true"/>
    <property name="file.encoding" value="UTF-8"/>
    <property name="java.vm.name" value="Eclipse OpenJ9 VM"/>
    <property name="java.vendor.version" value="11.0.12.0"/>
    <property name="ibm.signalhandling.sigchain" value="true"/>
    <property name="localRepository" value="/Users/ad0555-ade-mb-1/.m2/repository"/>
    <property name="java.vendor.url.bug" value="https://github.com/eclipse-openj9/openj9/issues"/>
    <property name="java.io.tmpdir" value="/var/folders/48/4hh_s2916sb5w6ggjpmx958c0000gp/T/"/>
    <property name="java.version" value="11.0.12"/>
    <property name="com.ibm.system.agent.path" value="/Users/ad0555-ade-mb-1/Library/Java/JavaVirtualMachines/semeru-11.0.12/Contents/Home/lib"/>
    <property name="user.dir" value="/Users/ad0555-ade-mb-1/Desktop/Azhar/learn/java/Spring-boot/04-command-line-demo"/>
    <property name="os.arch" value="x86_64"/>
    <property name="java.vm.specification.name" value="Java Virtual Machine Specification"/>
    <property name="java.awt.printerjob" value="sun.lwawt.macosx.CPrinterJob"/>
    <property name="os.encoding" value="UTF-8"/>
    <property name="java.library.path" value="/Users/ad0555-ade-mb-1/Library/Java/JavaVirtualMachines/semeru-11.0.12/Contents/Home/lib/default:/Users/ad0555-ade-mb-1/Library/Java/JavaVirtualMachines/semeru-11.0.12/Contents/Home/lib:/usr/lib"/>
    <property name="java.vm.info" value="JRE 11 Mac OS X amd64-64-Bit Compressed References 20210729_179 (JIT enabled, AOT enabled)&#10;OpenJ9   - 1851b0074&#10;OMR      - 9db1c870d&#10;JCL      - 21849e2ca0 based on jdk-11.0.12+7"/>
    <property name="java.vendor" value="International Business Machines Corporation"/>
    <property name="java.vm.version" value="openj9-0.27.0"/>
    <property name="ibm.system.encoding" value="UTF-8"/>
    <property name="com.ibm.jcl.checkClassPath" value=""/>
    <property name="sun.io.unicode.encoding" value="UnicodeLittle"/>
    <property name="java.class.version" value="55.0"/>
  </properties>
  <testcase name="contextLoads" classname="com.luv2code.springboot.demo.mycoolapp.MycoolappApplicationTests" time="0.403"/>
</testsuite>